Wed, 08 Nov 2023 16:40:03 -0500 [UpgradeWizard] - setting session variables...
Wed, 08 Nov 2023 16:40:03 -0500 [UpgradeWizard] - -----------------------------------------------------------------------------
Wed, 08 Nov 2023 16:40:03 -0500 [UpgradeWizard] - Upgrade started. At start.php
Wed, 08 Nov 2023 16:40:03 -0500 [UpgradeWizard] - resetting $_SESSION
Wed, 08 Nov 2023 16:40:40 -0500 [UpgradeWizard] - setting session variables...
Wed, 08 Nov 2023 16:40:40 -0500 [UpgradeWizard] - [At systemCheck.php]
Wed, 08 Nov 2023 16:40:40 -0500 [UpgradeWizard] - Starting file permission check...
Wed, 08 Nov 2023 16:40:40 -0500 [UpgradeWizard] - File [/var/www/html/service/core/SugarWebServicesImpl.php] not writable - saving for display
Wed, 08 Nov 2023 16:40:40 -0500 [UpgradeWizard] - File [/var/www/html/themes/SuiteP/css/Day/style.css] not writable - saving for display
Wed, 08 Nov 2023 16:40:41 -0500 [UpgradeWizard] - File [/var/www/html/.config.php.swp] not writable - saving for display
Wed, 08 Nov 2023 16:40:41 -0500 [UpgradeWizard] - File [/var/www/html/include/utils.php] not writable - saving for display
Wed, 08 Nov 2023 16:40:41 -0500 [UpgradeWizard] - File [/var/www/html/include/social/facebook/facebook_sdk/tests/bootstrap_test.php] not writable - saving for display
Wed, 08 Nov 2023 16:40:42 -0500 [UpgradeWizard] - File [/var/www/html/custom/themes/default/css/style.css] not writable - saving for display
Wed, 08 Nov 2023 16:40:42 -0500 [UpgradeWizard] - File [/var/www/html/custom/Extension/modules/Opportunities/Ext/LogicHooks/customOpportunityHooks.php] not writable - saving for display
Wed, 08 Nov 2023 16:40:42 -0500 [UpgradeWizard] - File [/var/www/html/custom/modules/Opportunities/Hooks/customOppLogicHooks.php] not writable - saving for display
Wed, 08 Nov 2023 16:40:42 -0500 [UpgradeWizard] - Finished file permission check.
Wed, 08 Nov 2023 16:40:42 -0500 [UpgradeWizard] - Starting database permissions check...
Wed, 08 Nov 2023 16:40:42 -0500 [UpgradeWizard] - Checking CREATE TABLE permissions...
Wed, 08 Nov 2023 16:40:42 -0500 [UpgradeWizard] - Checking INSERT INTO permissions...
Wed, 08 Nov 2023 16:40:42 -0500 [UpgradeWizard] - Checking UPDATE TABLE permissions...
Wed, 08 Nov 2023 16:40:42 -0500 [UpgradeWizard] - Checking SELECT permissions...
Wed, 08 Nov 2023 16:40:42 -0500 [UpgradeWizard] - Checking DELETE FROM permissions...
Wed, 08 Nov 2023 16:40:42 -0500 [UpgradeWizard] - Checking ALTER TABLE ADD COLUMN permissions...
Wed, 08 Nov 2023 16:40:42 -0500 [UpgradeWizard] - Checking ALTER TABLE CHANGE COLUMN permissions...
Wed, 08 Nov 2023 16:40:42 -0500 [UpgradeWizard] - Checking ALTER TABLE DROP COLUMN permissions...
Wed, 08 Nov 2023 16:40:42 -0500 [UpgradeWizard] - Checking DROP TABLE permissions...
Wed, 08 Nov 2023 16:40:42 -0500 [UpgradeWizard] - No permissions errors found!
Wed, 08 Nov 2023 16:40:42 -0500 [UpgradeWizard] - Finished database permissions check.
Wed, 08 Nov 2023 16:44:25 -0500 [UpgradeWizard] - setting session variables...
Wed, 08 Nov 2023 16:44:25 -0500 [UpgradeWizard] - -----------------------------------------------------------------------------
Wed, 08 Nov 2023 16:44:25 -0500 [UpgradeWizard] - Upgrade started. At start.php
Wed, 08 Nov 2023 16:44:25 -0500 [UpgradeWizard] - resetting $_SESSION
Wed, 08 Nov 2023 16:44:32 -0500 [UpgradeWizard] - setting session variables...
Wed, 08 Nov 2023 16:44:32 -0500 [UpgradeWizard] - [At systemCheck.php]
Wed, 08 Nov 2023 16:44:32 -0500 [UpgradeWizard] - Starting file permission check...
Wed, 08 Nov 2023 16:44:32 -0500 [UpgradeWizard] - File [/var/www/html/service/core/SugarWebServicesImpl.php] not writable - saving for display
Wed, 08 Nov 2023 16:44:32 -0500 [UpgradeWizard] - File [/var/www/html/themes/SuiteP/css/Day/style.css] not writable - saving for display
Wed, 08 Nov 2023 16:44:32 -0500 [UpgradeWizard] - File [/var/www/html/.config.php.swp] not writable - saving for display
Wed, 08 Nov 2023 16:44:32 -0500 [UpgradeWizard] - File [/var/www/html/include/utils.php] not writable - saving for display
Wed, 08 Nov 2023 16:44:32 -0500 [UpgradeWizard] - File [/var/www/html/include/social/facebook/facebook_sdk/tests/bootstrap_test.php] not writable - saving for display
Wed, 08 Nov 2023 16:44:32 -0500 [UpgradeWizard] - File [/var/www/html/custom/themes/default/css/style.css] not writable - saving for display
Wed, 08 Nov 2023 16:44:32 -0500 [UpgradeWizard] - File [/var/www/html/custom/Extension/modules/Opportunities/Ext/LogicHooks/customOpportunityHooks.php] not writable - saving for display
Wed, 08 Nov 2023 16:44:32 -0500 [UpgradeWizard] - File [/var/www/html/custom/modules/Opportunities/Hooks/customOppLogicHooks.php] not writable - saving for display
Wed, 08 Nov 2023 16:44:33 -0500 [UpgradeWizard] - Finished file permission check.
Wed, 08 Nov 2023 16:44:33 -0500 [UpgradeWizard] - Starting database permissions check...
Wed, 08 Nov 2023 16:44:33 -0500 [UpgradeWizard] - Checking CREATE TABLE permissions...
Wed, 08 Nov 2023 16:44:33 -0500 [UpgradeWizard] - Checking INSERT INTO permissions...
Wed, 08 Nov 2023 16:44:33 -0500 [UpgradeWizard] - Checking UPDATE TABLE permissions...
Wed, 08 Nov 2023 16:44:33 -0500 [UpgradeWizard] - Checking SELECT permissions...
Wed, 08 Nov 2023 16:44:33 -0500 [UpgradeWizard] - Checking DELETE FROM permissions...
Wed, 08 Nov 2023 16:44:33 -0500 [UpgradeWizard] - Checking ALTER TABLE ADD COLUMN permissions...
Wed, 08 Nov 2023 16:44:33 -0500 [UpgradeWizard] - Checking ALTER TABLE CHANGE COLUMN permissions...
Wed, 08 Nov 2023 16:44:33 -0500 [UpgradeWizard] - Checking ALTER TABLE DROP COLUMN permissions...
Wed, 08 Nov 2023 16:44:33 -0500 [UpgradeWizard] - Checking DROP TABLE permissions...
Wed, 08 Nov 2023 16:44:33 -0500 [UpgradeWizard] - No permissions errors found!
Wed, 08 Nov 2023 16:44:33 -0500 [UpgradeWizard] - Finished database permissions check.
Wed, 08 Nov 2023 19:49:08 -0500 [UpgradeWizard] - setting session variables...
Wed, 08 Nov 2023 19:49:08 -0500 [UpgradeWizard] - -----------------------------------------------------------------------------
Wed, 08 Nov 2023 19:49:08 -0500 [UpgradeWizard] - Upgrade started. At start.php
Wed, 08 Nov 2023 19:49:08 -0500 [UpgradeWizard] - resetting $_SESSION
Wed, 08 Nov 2023 19:50:04 -0500 [UpgradeWizard] - setting session variables...
Wed, 08 Nov 2023 19:50:04 -0500 [UpgradeWizard] - -----------------------------------------------------------------------------
Wed, 08 Nov 2023 19:50:04 -0500 [UpgradeWizard] - Upgrade started. At start.php
Wed, 08 Nov 2023 19:50:04 -0500 [UpgradeWizard] - resetting $_SESSION
Wed, 08 Nov 2023 19:51:44 -0500 [UpgradeWizard] - setting session variables...
Wed, 08 Nov 2023 19:51:44 -0500 [UpgradeWizard] - -----------------------------------------------------------------------------
Wed, 08 Nov 2023 19:51:44 -0500 [UpgradeWizard] - Upgrade started. At start.php
Wed, 08 Nov 2023 19:51:44 -0500 [UpgradeWizard] - resetting $_SESSION
Wed, 08 Nov 2023 20:05:44 -0500 [UpgradeWizard] - setting session variables...
Wed, 08 Nov 2023 20:05:44 -0500 [UpgradeWizard] - -----------------------------------------------------------------------------
Wed, 08 Nov 2023 20:05:44 -0500 [UpgradeWizard] - Upgrade started. At start.php
Wed, 08 Nov 2023 20:05:44 -0500 [UpgradeWizard] - resetting $_SESSION
Wed, 08 Nov 2023 20:07:30 -0500 [UpgradeWizard] - setting session variables...
Wed, 08 Nov 2023 20:07:30 -0500 [UpgradeWizard] - -----------------------------------------------------------------------------
Wed, 08 Nov 2023 20:07:30 -0500 [UpgradeWizard] - Upgrade started. At start.php
Wed, 08 Nov 2023 20:07:30 -0500 [UpgradeWizard] - resetting $_SESSION
